# JRE version: Java(TM) SE Runtime Environment (8.0_91-b15) (build 1.8.0_91-b15)
# Java VM: Java HotSpot(TM) Client VM (25.91-b15 mixed mode, sharing windows-x86 )
Heap:
 def new generation   total 4928K, used 835K [0x03a00000, 0x03f50000, 0x08f50000)
  eden space 4416K,   7% used [0x03a00000, 0x03a50f70, 0x03e50000)
  from space 512K, 100% used [0x03ed0000, 0x03f50000, 0x03f50000)
  to   space 512K,   0% used [0x03e50000, 0x03e50000, 0x03ed0000)
 tenured generation   total 10944K, used 2637K [0x08f50000, 0x09a00000, 0x13a00000)
   the space 10944K,  24% used [0x08f50000, 0x091e35e8, 0x091e3600, 0x09a00000)
 Metaspace       used 2286K, capacity 4153K, committed 4160K, reserved 4480K
GC Heap History (6 events):
Event: 0.358 GC heap before
{Heap before GC invocations=0 (full 0):
 def new generation   total 4928K, used 4408K [0x03a00000, 0x03f50000, 0x08f50000)
  eden space 4416K,  99% used [0x03a00000, 0x03e4e230, 0x03e50000)
  from space 512K,   0% used [0x03e50000, 0x03e50000, 0x03ed0000)
  to   space 512K,   0% used [0x03ed0000, 0x03ed0000, 0x03f50000)
 tenured generation   total 10944K, used 0K [0x08f50000, 0x09a00000, 0x13a00000)
   the space 10944K,   0% used [0x08f50000, 0x08f50000, 0x08f50200, 0x09a00000)
 Metaspace       used 667K, capacity 2664K, committed 2752K, reserved 4480K
Event: 0.361 GC heap after
Heap after GC invocations=1 (full 0):
 def new generation   total 4928K, used 512K [0x03a00000, 0x03f50000, 0x08f50000)
  eden space 4416K,   0% used [0x03a00000, 0x03a00000, 0x03e50000)
  from space 512K, 100% used [0x03ed0000, 0x03f50000, 0x03f50000)
  to   space 512K,   0% used [0x03e50000, 0x03e50000, 0x03ed0000)
 tenured generation   total 10944K, used 524K [0x08f50000, 0x09a00000, 0x13a00000)
   the space 10944K,   4% used [0x08f50000, 0x08fd3008, 0x08fd3200, 0x09a00000)
 Metaspace       used 667K, capacity 2664K, committed 2752K, reserved 4480K
}
Event: 0.596 GC heap before
{Heap before GC invocations=1 (full 0):
 def new generation   total 4928K, used 4927K [0x03a00000, 0x03f50000, 0x08f50000)
  eden space 4416K,  99% used [0x03a00000, 0x03e4ffc8, 0x03e50000)
  from space 512K, 100% used [0x03ed0000, 0x03f50000, 0x03f50000)
  to   space 512K,   0% used [0x03e50000, 0x03e50000, 0x03ed0000)
 tenured generation   total 10944K, used 524K [0x08f50000, 0x09a00000, 0x13a00000)
   the space 10944K,   4% used [0x08f50000, 0x08fd3008, 0x08fd3200, 0x09a00000)
 Metaspace       used 1719K, capacity 3609K, committed 3648K, reserved 4480K
Event: 0.599 GC heap after
Heap after GC invocations=2 (full 0):
 def new generation   total 4928K, used 512K [0x03a00000, 0x03f50000, 0x08f50000)
  eden space 4416K,   0% used [0x03a00000, 0x03a00000, 0x03e50000)
  from space 512K, 100% used [0x03e50000, 0x03ed0000, 0x03ed0000)
  to   space 512K,   0% used [0x03ed0000, 0x03ed0000, 0x03f50000)
 tenured generation   total 10944K, used 1523K [0x08f50000, 0x09a00000, 0x13a00000)
   the space 10944K,  13% used [0x08f50000, 0x090ccd78, 0x090cce00, 0x09a00000)
 Metaspace       used 1719K, capacity 3609K, committed 3648K, reserved 4480K
}
Event: 1.431 GC heap before
{Heap before GC invocations=2 (full 0):
 def new generation   total 4928K, used 4928K [0x03a00000, 0x03f50000, 0x08f50000)
  eden space 4416K, 100% used [0x03a00000, 0x03e50000, 0x03e50000)
  from space 512K, 100% used [0x03e50000, 0x03ed0000, 0x03ed0000)
  to   space 512K,   0% used [0x03ed0000, 0x03ed0000, 0x03f50000)
 tenured generation   total 10944K, used 1523K [0x08f50000, 0x09a00000, 0x13a00000)
   the space 10944K,  13% used [0x08f50000, 0x090ccd78, 0x090cce00, 0x09a00000)
 Metaspace       used 2243K, capacity 4121K, committed 4160K, reserved 4480K
Event: 1.434 GC heap after
Heap after GC invocations=3 (full 0):
 def new generation   total 4928K, used 512K [0x03a00000, 0x03f50000, 0x08f50000)
  eden space 4416K,   0% used [0x03a00000, 0x03a00000, 0x03e50000)
  from space 512K, 100% used [0x03ed0000, 0x03f50000, 0x03f50000)
  to   space 512K,   0% used [0x03e50000, 0x03e50000, 0x03ed0000)
 tenured generation   total 10944K, used 2637K [0x08f50000, 0x09a00000, 0x13a00000)
   the space 10944K,  24% used [0x08f50000, 0x091e35e8, 0x091e3600, 0x09a00000)
 Metaspace       used 2243K, capacity 4121K, committed 4160K, reserved 4480K
}

